TN:
SF:/Users/vcapretz/projects/data-structures/JavaScript/queue.js
FN:3,(anonymous_0)
FN:10,(anonymous_1)
FN:14,(anonymous_2)
FN:18,(anonymous_3)
FN:22,(anonymous_4)
FN:31,(anonymous_5)
FN:45,(anonymous_6)
FNF:7
FNH:5
FNDA:1,(anonymous_0)
FNDA:0,(anonymous_1)
FNDA:2,(anonymous_2)
FNDA:1,(anonymous_3)
FNDA:0,(anonymous_4)
FNDA:1,(anonymous_5)
FNDA:1,(anonymous_6)
DA:4,1
DA:5,1
DA:6,1
DA:7,1
DA:11,0
DA:15,2
DA:19,1
DA:24,0
DA:25,0
DA:28,0
DA:33,1
DA:34,0
DA:37,1
DA:38,1
DA:39,1
DA:40,1
DA:41,1
DA:42,1
DA:47,1
DA:48,0
DA:51,1
DA:52,1
DA:53,1
DA:54,1
DA:59,1
LF:25
LH:19
BRDA:24,0,0,0
BRDA:24,0,1,0
BRDA:33,1,0,0
BRDA:33,1,1,1
BRDA:47,2,0,0
BRDA:47,2,1,1
BRF:6
BRH:2
end_of_record
TN:
SF:/Users/vcapretz/projects/data-structures/JavaScript/stack.js
FN:3,(anonymous_0)
FN:8,(anonymous_1)
FN:12,(anonymous_2)
FN:16,(anonymous_3)
FN:20,(anonymous_4)
FN:29,(anonymous_5)
FN:41,(anonymous_6)
FNF:7
FNH:6
FNDA:3,(anonymous_0)
FNDA:1,(anonymous_1)
FNDA:1,(anonymous_2)
FNDA:6,(anonymous_3)
FNDA:0,(anonymous_4)
FNDA:1,(anonymous_5)
FNDA:4,(anonymous_6)
DA:4,3
DA:5,3
DA:9,1
DA:13,1
DA:17,6
DA:22,0
DA:23,0
DA:26,0
DA:31,1
DA:32,0
DA:35,1
DA:36,1
DA:37,1
DA:38,1
DA:43,4
DA:44,0
DA:47,4
DA:48,4
DA:53,1
LF:19
LH:14
BRDA:22,0,0,0
BRDA:22,0,1,0
BRDA:31,1,0,0
BRDA:31,1,1,1
BRDA:43,2,0,0
BRDA:43,2,1,4
BRF:6
BRH:2
end_of_record
